[2025-06-14 14:29:26Z INFO HostContext] No proxy settings were found based on environmental variables (http_proxy/https_proxy/HTTP_PROXY/HTTPS_PROXY)
[2025-06-14 14:29:26Z INFO HostContext] Well known directory 'Bin': 'C:\Users\mahir\OneDrive\Documents\TITCK-KUB-KT\actions-runner\bin'
[2025-06-14 14:29:26Z INFO HostContext] Well known directory 'Root': 'C:\Users\mahir\OneDrive\Documents\TITCK-KUB-KT\actions-runner'
[2025-06-14 14:29:26Z INFO HostContext] Well known config file 'Credentials': 'C:\Users\mahir\OneDrive\Documents\TITCK-KUB-KT\actions-runner\.credentials'
[2025-06-14 14:29:26Z INFO HostContext] Well known directory 'Bin': 'C:\Users\mahir\OneDrive\Documents\TITCK-KUB-KT\actions-runner\bin'
[2025-06-14 14:29:26Z INFO HostContext] Well known directory 'Root': 'C:\Users\mahir\OneDrive\Documents\TITCK-KUB-KT\actions-runner'
[2025-06-14 14:29:26Z INFO HostContext] Well known config file 'Runner': 'C:\Users\mahir\OneDrive\Documents\TITCK-KUB-KT\actions-runner\.runner'
[2025-06-14 14:29:26Z INFO Listener] Runner is built for Windows (X64) - win-x64.
[2025-06-14 14:29:26Z INFO Listener] RuntimeInformation: Microsoft Windows 10.0.26100.
[2025-06-14 14:29:26Z INFO Listener] Version: 2.325.0
[2025-06-14 14:29:26Z INFO Listener] Commit: 71ed7cd46223bd5d61633445946813012b502d54
[2025-06-14 14:29:26Z INFO Listener] Culture: tr-TR
[2025-06-14 14:29:26Z INFO Listener] UI Culture: tr-TR
[2025-06-14 14:29:26Z INFO HostContext] Well known directory 'Bin': 'C:\Users\mahir\OneDrive\Documents\TITCK-KUB-KT\actions-runner\bin'
[2025-06-14 14:29:26Z INFO HostContext] Well known directory 'Root': 'C:\Users\mahir\OneDrive\Documents\TITCK-KUB-KT\actions-runner'
[2025-06-14 14:29:26Z INFO Listener] Validating directory permissions for: 'C:\Users\mahir\OneDrive\Documents\TITCK-KUB-KT\actions-runner'
[2025-06-14 14:29:26Z INFO CommandLineParser] Parse
[2025-06-14 14:29:26Z INFO CommandLineParser] Parsing 1 args
[2025-06-14 14:29:26Z INFO CommandLineParser] parsing argument
[2025-06-14 14:29:26Z INFO CommandLineParser] HasArgs: False
[2025-06-14 14:29:26Z INFO CommandLineParser] Adding Command: run
[2025-06-14 14:29:26Z INFO Listener] Arguments parsed
[2025-06-14 14:29:26Z INFO Runner] ExecuteCommand
[2025-06-14 14:29:26Z INFO ConfigurationStore] currentAssemblyLocation: C:\Users\mahir\OneDrive\Documents\TITCK-KUB-KT\actions-runner\bin\Runner.Listener.dll
[2025-06-14 14:29:26Z INFO HostContext] Well known directory 'Bin': 'C:\Users\mahir\OneDrive\Documents\TITCK-KUB-KT\actions-runner\bin'
[2025-06-14 14:29:26Z INFO ConfigurationStore] binPath: C:\Users\mahir\OneDrive\Documents\TITCK-KUB-KT\actions-runner\bin
[2025-06-14 14:29:26Z INFO HostContext] Well known directory 'Bin': 'C:\Users\mahir\OneDrive\Documents\TITCK-KUB-KT\actions-runner\bin'
[2025-06-14 14:29:26Z INFO HostContext] Well known directory 'Root': 'C:\Users\mahir\OneDrive\Documents\TITCK-KUB-KT\actions-runner'
[2025-06-14 14:29:26Z INFO ConfigurationStore] RootFolder: C:\Users\mahir\OneDrive\Documents\TITCK-KUB-KT\actions-runner
[2025-06-14 14:29:26Z INFO HostContext] Well known directory 'Bin': 'C:\Users\mahir\OneDrive\Documents\TITCK-KUB-KT\actions-runner\bin'
[2025-06-14 14:29:26Z INFO HostContext] Well known directory 'Root': 'C:\Users\mahir\OneDrive\Documents\TITCK-KUB-KT\actions-runner'
[2025-06-14 14:29:26Z INFO HostContext] Well known config file 'Runner': 'C:\Users\mahir\OneDrive\Documents\TITCK-KUB-KT\actions-runner\.runner'
[2025-06-14 14:29:26Z INFO ConfigurationStore] ConfigFilePath: C:\Users\mahir\OneDrive\Documents\TITCK-KUB-KT\actions-runner\.runner
[2025-06-14 14:29:26Z INFO HostContext] Well known directory 'Bin': 'C:\Users\mahir\OneDrive\Documents\TITCK-KUB-KT\actions-runner\bin'
[2025-06-14 14:29:26Z INFO HostContext] Well known directory 'Root': 'C:\Users\mahir\OneDrive\Documents\TITCK-KUB-KT\actions-runner'
[2025-06-14 14:29:26Z INFO HostContext] Well known config file 'MigratedRunner': 'C:\Users\mahir\OneDrive\Documents\TITCK-KUB-KT\actions-runner\.runner_migrated'
[2025-06-14 14:29:26Z INFO ConfigurationStore] MigratedConfigFilePath: C:\Users\mahir\OneDrive\Documents\TITCK-KUB-KT\actions-runner\.runner_migrated
[2025-06-14 14:29:26Z INFO HostContext] Well known directory 'Bin': 'C:\Users\mahir\OneDrive\Documents\TITCK-KUB-KT\actions-runner\bin'
[2025-06-14 14:29:26Z INFO HostContext] Well known directory 'Root': 'C:\Users\mahir\OneDrive\Documents\TITCK-KUB-KT\actions-runner'
[2025-06-14 14:29:26Z INFO HostContext] Well known config file 'Credentials': 'C:\Users\mahir\OneDrive\Documents\TITCK-KUB-KT\actions-runner\.credentials'
[2025-06-14 14:29:26Z INFO ConfigurationStore] CredFilePath: C:\Users\mahir\OneDrive\Documents\TITCK-KUB-KT\actions-runner\.credentials
[2025-06-14 14:29:26Z INFO HostContext] Well known directory 'Bin': 'C:\Users\mahir\OneDrive\Documents\TITCK-KUB-KT\actions-runner\bin'
[2025-06-14 14:29:26Z INFO HostContext] Well known directory 'Root': 'C:\Users\mahir\OneDrive\Documents\TITCK-KUB-KT\actions-runner'
[2025-06-14 14:29:26Z INFO HostContext] Well known config file 'MigratedCredentials': 'C:\Users\mahir\OneDrive\Documents\TITCK-KUB-KT\actions-runner\.credentials_migrated'
[2025-06-14 14:29:26Z INFO ConfigurationStore] MigratedCredFilePath: C:\Users\mahir\OneDrive\Documents\TITCK-KUB-KT\actions-runner\.credentials_migrated
[2025-06-14 14:29:26Z INFO HostContext] Well known directory 'Bin': 'C:\Users\mahir\OneDrive\Documents\TITCK-KUB-KT\actions-runner\bin'
[2025-06-14 14:29:26Z INFO HostContext] Well known directory 'Root': 'C:\Users\mahir\OneDrive\Documents\TITCK-KUB-KT\actions-runner'
[2025-06-14 14:29:26Z INFO HostContext] Well known config file 'Service': 'C:\Users\mahir\OneDrive\Documents\TITCK-KUB-KT\actions-runner\.service'
[2025-06-14 14:29:26Z INFO ConfigurationStore] ServiceConfigFilePath: C:\Users\mahir\OneDrive\Documents\TITCK-KUB-KT\actions-runner\.service
[2025-06-14 14:29:26Z INFO CommandSettings] Flag 'help': 'False'
[2025-06-14 14:29:26Z INFO CommandSettings] Flag 'version': 'False'
[2025-06-14 14:29:26Z INFO CommandSettings] Flag 'commit': 'False'
[2025-06-14 14:29:26Z INFO CommandSettings] Flag 'check': 'False'
[2025-06-14 14:29:26Z INFO CommandSettings] Command 'configure': 'False'
[2025-06-14 14:29:26Z INFO CommandSettings] Command 'remove': 'False'
[2025-06-14 14:29:26Z INFO CommandSettings] Command 'warmup': 'False'
[2025-06-14 14:29:26Z INFO ConfigurationManager] LoadSettings
[2025-06-14 14:29:26Z INFO ConfigurationStore] IsConfigured()
[2025-06-14 14:29:26Z INFO ConfigurationStore] IsConfigured: True
[2025-06-14 14:29:26Z INFO ConfigurationManager] Is configured: True
[2025-06-14 14:29:26Z INFO ConfigurationStore] Read setting file: 396 chars
[2025-06-14 14:29:26Z INFO ConfigurationManager] Settings Loaded
[2025-06-14 14:29:26Z INFO ConfigurationStore] IsServiceConfigured()
[2025-06-14 14:29:26Z INFO ConfigurationStore] IsServiceConfigured: False
[2025-06-14 14:29:26Z INFO CommandSettings] Command 'run': 'True'
[2025-06-14 14:29:26Z INFO ConfigurationStore] IsConfigured()
[2025-06-14 14:29:26Z INFO ConfigurationStore] IsConfigured: True
[2025-06-14 14:29:26Z INFO ConfigurationManager] Is configured: True
[2025-06-14 14:29:26Z INFO Runner] Could not parse the argument value '' for StartupType. Defaulting to Manual
[2025-06-14 14:29:26Z INFO Runner] Set runner startup type - Manual
[2025-06-14 14:29:26Z INFO CommandSettings] Flag 'once': 'False'
[2025-06-14 14:29:26Z INFO CommandSettings] Flag 'once': 'False'
[2025-06-14 14:29:26Z INFO Runner] RunAsync
[2025-06-14 14:29:26Z INFO ConfigurationManager] LoadMigratedSettings
[2025-06-14 14:29:26Z INFO ConfigurationStore] IsMigratedConfigured()
[2025-06-14 14:29:26Z INFO ConfigurationStore] IsMigratedConfigured: False
[2025-06-14 14:29:26Z INFO Runner] Failed to load migrated settings: No migrated configuration found.
[2025-06-14 14:29:26Z INFO Runner] Falling back to original .runner settings
[2025-06-14 14:29:26Z INFO Runner] Using BrokerMessageListener
[2025-06-14 14:29:26Z INFO BrokerMessageListener] Using provided settings
[2025-06-14 14:29:26Z INFO BrokerMessageListener] {
  "AgentId": 21,
  "AgentName": "LENOVO",
  "PoolId": 1,
  "PoolName": "Default",
  "ServerUrl": "https://pipelinesghubeus26.actions.githubusercontent.com/yFgcBVS7pwl6ngcHZopH9zgBGgPpDI85expAiCYiUkZ3ScERDH/",
  "GitHubUrl": "https://github.com/mahirkurt/TITCK-Ruhsatlar",
  "WorkFolder": "_work",
  "UseV2Flow": true,
  "ServerUrlV2": "https://broker.actions.githubusercontent.com/"
}
[2025-06-14 14:29:26Z INFO BrokerMessageListener] Loading Credentials
[2025-06-14 14:29:26Z INFO ConfigurationStore] HasCredentials()
[2025-06-14 14:29:26Z INFO ConfigurationStore] stored True
[2025-06-14 14:29:26Z INFO CredentialManager] GetCredentialProvider
[2025-06-14 14:29:26Z INFO CredentialManager] Creating type OAuth
[2025-06-14 14:29:26Z INFO CredentialManager] Creating credential type: OAuth
[2025-06-14 14:29:26Z INFO HostContext] Well known directory 'Bin': 'C:\Users\mahir\OneDrive\Documents\TITCK-KUB-KT\actions-runner\bin'
[2025-06-14 14:29:26Z INFO HostContext] Well known directory 'Root': 'C:\Users\mahir\OneDrive\Documents\TITCK-KUB-KT\actions-runner'
[2025-06-14 14:29:26Z INFO HostContext] Well known config file 'RSACredentials': 'C:\Users\mahir\OneDrive\Documents\TITCK-KUB-KT\actions-runner\.credentials_rsaparams'
[2025-06-14 14:29:26Z INFO RSAEncryptedFileKeyManager] Loading RSA key parameters from file C:\Users\mahir\OneDrive\Documents\TITCK-KUB-KT\actions-runner\.credentials_rsaparams
[2025-06-14 14:29:26Z INFO BrokerMessageListener] Attempt to create session.
[2025-06-14 14:29:26Z INFO BrokerMessageListener] Connecting to the Broker Server...
[2025-06-14 14:29:26Z INFO ConfigurationStore] HasCredentials()
[2025-06-14 14:29:26Z INFO ConfigurationStore] stored True
[2025-06-14 14:29:26Z INFO CredentialManager] GetCredentialProvider
[2025-06-14 14:29:26Z INFO CredentialManager] Creating type OAuth
[2025-06-14 14:29:26Z INFO CredentialManager] Creating credential type: OAuth
[2025-06-14 14:29:26Z INFO RSAEncryptedFileKeyManager] Loading RSA key parameters from file C:\Users\mahir\OneDrive\Documents\TITCK-KUB-KT\actions-runner\.credentials_rsaparams
[2025-06-14 14:29:26Z INFO BrokerMessageListener] VssConnection created
[2025-06-14 14:29:26Z INFO BrokerMessageListener] Connecting to the Runner server...
[2025-06-14 14:29:26Z INFO RunnerServer] EstablishVssConnection
[2025-06-14 14:29:26Z INFO RunnerServer] Establish connection with 100 seconds timeout.
[2025-06-14 14:29:26Z INFO GitHubActionsService] Starting operation Location.GetConnectionData
[2025-06-14 14:29:26Z INFO RunnerServer] EstablishVssConnection
[2025-06-14 14:29:26Z INFO RunnerServer] Establish connection with 60 seconds timeout.
[2025-06-14 14:29:26Z INFO GitHubActionsService] Starting operation Location.GetConnectionData
[2025-06-14 14:29:26Z INFO RunnerServer] EstablishVssConnection
[2025-06-14 14:29:26Z INFO RunnerServer] Establish connection with 60 seconds timeout.
[2025-06-14 14:29:26Z INFO GitHubActionsService] Starting operation Location.GetConnectionData
[2025-06-14 14:29:27Z INFO GitHubActionsService] Finished operation Location.GetConnectionData
[2025-06-14 14:29:27Z INFO GitHubActionsService] Finished operation Location.GetConnectionData
[2025-06-14 14:29:27Z INFO GitHubActionsService] Finished operation Location.GetConnectionData
[2025-06-14 14:29:27Z INFO BrokerMessageListener] VssConnection created
[2025-06-14 14:29:27Z INFO Terminal] WRITE LINE: 
[2025-06-14 14:29:27Z INFO Terminal] WRITE LINE: 
[2025-06-14 14:29:27Z INFO RSAEncryptedFileKeyManager] Loading RSA key parameters from file C:\Users\mahir\OneDrive\Documents\TITCK-KUB-KT\actions-runner\.credentials_rsaparams
[2025-06-14 14:29:27Z INFO RSAEncryptedFileKeyManager] Loading RSA key parameters from file C:\Users\mahir\OneDrive\Documents\TITCK-KUB-KT\actions-runner\.credentials_rsaparams
[2025-06-14 14:29:28Z INFO GitHubActionsService] AAD Correlation ID for this token request: Unknown
[2025-06-14 14:29:29Z INFO BrokerMessageListener] Session created.
[2025-06-14 14:29:29Z INFO Terminal] WRITE LINE: Current runner version: '2.325.0'
[2025-06-14 14:29:29Z INFO Terminal] WRITE LINE: 2025-06-14 14:29:29Z: Listening for Jobs
[2025-06-14 14:29:29Z INFO JobDispatcher] Set runner/worker IPC timeout to 30 seconds.
[2025-06-14 14:29:59Z INFO ConfigurationStore] HasCredentials()
[2025-06-14 14:29:59Z INFO ConfigurationStore] stored True
[2025-06-14 14:29:59Z INFO CredentialManager] GetCredentialProvider
[2025-06-14 14:29:59Z INFO CredentialManager] Creating type OAuth
[2025-06-14 14:29:59Z INFO CredentialManager] Creating credential type: OAuth
[2025-06-14 14:29:59Z INFO RSAEncryptedFileKeyManager] Loading RSA key parameters from file C:\Users\mahir\OneDrive\Documents\TITCK-KUB-KT\actions-runner\.credentials_rsaparams
[2025-06-14 14:29:59Z INFO RSAEncryptedFileKeyManager] Loading RSA key parameters from file C:\Users\mahir\OneDrive\Documents\TITCK-KUB-KT\actions-runner\.credentials_rsaparams
[2025-06-14 14:29:59Z INFO RSAEncryptedFileKeyManager] Loading RSA key parameters from file C:\Users\mahir\OneDrive\Documents\TITCK-KUB-KT\actions-runner\.credentials_rsaparams
[2025-06-14 14:30:00Z INFO GitHubActionsService] AAD Correlation ID for this token request: Unknown
[2025-06-14 14:30:01Z INFO JobDispatcher] Job request 0 for plan a8307f23-8040-485f-81c8-7d2f1dc5bf64 job 1d5f3499-1b5d-56a9-bd28-8dd3f407854a received.
[2025-06-14 14:30:01Z INFO BrokerMessageListener] Received job status event. JobState: Busy
[2025-06-14 14:30:01Z INFO BrokerMessageListener] _getMessagesTokenSource is already disposed.
[2025-06-14 14:30:01Z INFO Terminal] WRITE LINE: 2025-06-14 14:30:01Z: Running job: update-data
[2025-06-14 14:30:01Z INFO JobDispatcher] Start renew job request 0 for job 1d5f3499-1b5d-56a9-bd28-8dd3f407854a.
[2025-06-14 14:30:02Z INFO JobDispatcher] Successfully renew job 1d5f3499-1b5d-56a9-bd28-8dd3f407854a, job is valid till 14.06.2025 14:40:02
[2025-06-14 14:30:02Z INFO HostContext] Well known directory 'Bin': 'C:\Users\mahir\OneDrive\Documents\TITCK-KUB-KT\actions-runner\bin'
[2025-06-14 14:30:02Z INFO ProcessInvokerWrapper] Starting process:
[2025-06-14 14:30:02Z INFO ProcessInvokerWrapper]   File name: 'C:\Users\mahir\OneDrive\Documents\TITCK-KUB-KT\actions-runner\bin\Runner.Worker.exe'
[2025-06-14 14:30:02Z INFO ProcessInvokerWrapper]   Arguments: 'spawnclient 1504 1204'
[2025-06-14 14:30:02Z INFO ProcessInvokerWrapper]   Working directory: 'C:\Users\mahir\OneDrive\Documents\TITCK-KUB-KT\actions-runner\bin'
[2025-06-14 14:30:02Z INFO ProcessInvokerWrapper]   Require exit code zero: 'False'
[2025-06-14 14:30:02Z INFO ProcessInvokerWrapper]   Encoding web name:  ; code page: ''
[2025-06-14 14:30:02Z INFO ProcessInvokerWrapper]   Force kill process on cancellation: 'True'
[2025-06-14 14:30:02Z INFO ProcessInvokerWrapper]   Redirected STDIN: 'False'
[2025-06-14 14:30:02Z INFO ProcessInvokerWrapper]   Persist current code page: 'False'
[2025-06-14 14:30:02Z INFO ProcessInvokerWrapper]   Keep redirected STDIN open: 'False'
[2025-06-14 14:30:02Z INFO ProcessInvokerWrapper]   High priority process: 'True'
[2025-06-14 14:30:02Z INFO ProcessInvokerWrapper] Process started with process id 1444, waiting for process exit.
[2025-06-14 14:30:02Z INFO JobDispatcher] Send job request message to worker for job 1d5f3499-1b5d-56a9-bd28-8dd3f407854a.
[2025-06-14 14:30:02Z INFO ProcessChannel] Sending message of length 20171, with hash '87f93f0d5c9a96df2a6dabe0e1d44df5effa70ac642e0da6d5e275e3f4ce25bd'
[2025-06-14 14:30:02Z INFO JobNotification] Entering JobStarted Notification
[2025-06-14 14:30:02Z INFO JobNotification] Entering StartMonitor
[2025-06-14 14:31:02Z INFO JobDispatcher] Successfully renew job 1d5f3499-1b5d-56a9-bd28-8dd3f407854a, job is valid till 14.06.2025 14:41:02
[2025-06-14 14:32:02Z INFO JobDispatcher] Successfully renew job 1d5f3499-1b5d-56a9-bd28-8dd3f407854a, job is valid till 14.06.2025 14:42:02
[2025-06-14 14:32:25Z INFO ProcessInvokerWrapper] STDOUT/STDERR stream read finished.
[2025-06-14 14:32:25Z INFO ProcessInvokerWrapper] STDOUT/STDERR stream read finished.
[2025-06-14 14:32:25Z INFO ProcessInvokerWrapper] Finished process 1444 with exit code 102, and elapsed time 00:02:23.4039513.
[2025-06-14 14:32:25Z INFO JobDispatcher] Worker finished for job 1d5f3499-1b5d-56a9-bd28-8dd3f407854a. Code: 102
[2025-06-14 14:32:25Z INFO JobDispatcher] finish job request for job 1d5f3499-1b5d-56a9-bd28-8dd3f407854a with result: Failed
[2025-06-14 14:32:25Z INFO Terminal] WRITE LINE: 2025-06-14 14:32:25Z: Job update-data completed with result: Failed
[2025-06-14 14:32:25Z INFO JobDispatcher] Stop renew job request for job 1d5f3499-1b5d-56a9-bd28-8dd3f407854a.
[2025-06-14 14:32:25Z INFO JobDispatcher] job renew has been cancelled, stop renew job 1d5f3499-1b5d-56a9-bd28-8dd3f407854a.
[2025-06-14 14:32:25Z INFO JobNotification] Entering JobCompleted Notification
[2025-06-14 14:32:25Z INFO JobNotification] Entering EndMonitor
[2025-06-14 14:32:25Z INFO BrokerMessageListener] Received job status event. JobState: Online
[2025-06-14 14:32:25Z WARN GitHubActionsService] GET request to https://broker.actions.githubusercontent.com/message?sessionId=c482b4da-5cff-4fcd-9f72-5e839da94b1c&status=Busy&runnerVersion=2.325.0&os=Windows&architecture=X64&disableUpdate=false has been cancelled.
[2025-06-14 14:32:25Z ERR  BrokerServer] Catch exception during request
[2025-06-14 14:32:25Z ERR  BrokerServer] System.Threading.Tasks.TaskCanceledException: The operation was canceled.
 ---> System.Threading.Tasks.TaskCanceledException: The operation was canceled.
 ---> System.IO.IOException: Unable to read data from the transport connection: Bir iş parçacığı çıkışı veya bir uygulama isteği nedeniyle G/Ç işlemi iptal edildi..
 ---> System.Net.Sockets.SocketException (995): Bir iş parçacığı çıkışı veya bir uygulama isteği nedeniyle G/Ç işlemi iptal edildi.
   --- End of inner exception stack trace ---
   at System.Net.Sockets.Socket.AwaitableSocketAsyncEventArgs.ThrowException(SocketError error, CancellationToken cancellationToken)
   at System.Net.Sockets.Socket.AwaitableSocketAsyncEventArgs.System.Threading.Tasks.Sources.IValueTaskSource<System.Int32>.GetResult(Int16 token)
   at System.Net.Security.SslStream.EnsureFullTlsFrameAsync[TIOAdapter](CancellationToken cancellationToken, Int32 estimatedSize)
   at System.Runtime.CompilerServices.PoolingAsyncValueTaskMethodBuilder`1.StateMachineBox`1.System.Threading.Tasks.Sources.IValueTaskSource<TResult>.GetResult(Int16 token)
   at System.Net.Security.SslStream.ReadAsyncInternal[TIOAdapter](Memory`1 buffer, CancellationToken cancellationToken)
   at System.Runtime.CompilerServices.PoolingAsyncValueTaskMethodBuilder`1.StateMachineBox`1.System.Threading.Tasks.Sources.IValueTaskSource<TResult>.GetResult(Int16 token)
   at System.Net.Http.HttpConnection.SendAsync(HttpRequestMessage request, Boolean async, CancellationToken cancellationToken)
   --- End of inner exception stack trace ---
   at System.Net.Http.HttpConnection.SendAsync(HttpRequestMessage request, Boolean async, CancellationToken cancellationToken)
   at System.Net.Http.AuthenticationHelper.SendWithNtAuthAsync(HttpRequestMessage request, Uri authUri, Boolean async, ICredentials credentials, Boolean isProxyAuth, HttpConnection connection, HttpConnectionPool connectionPool, CancellationToken cancellationToken)
   at System.Net.Http.HttpConnectionPool.SendWithVersionDetectionAndRetryAsync(HttpRequestMessage request, Boolean async, Boolean doRequestAuth, CancellationToken cancellationToken)
   at System.Net.Http.AuthenticationHelper.SendWithAuthAsync(HttpRequestMessage request, Uri authUri, Boolean async, ICredentials credentials, Boolean preAuthenticate, Boolean isProxyAuth, Boolean doRequestAuth, HttpConnectionPool pool, CancellationToken cancellationToken)
   at System.Net.Http.RedirectHandler.SendAsync(HttpRequestMessage request, Boolean async, CancellationToken cancellationToken)
   at GitHub.Services.Common.RawHttpMessageHandler.SendAsync(HttpRequestMessage request, CancellationToken cancellationToken)
   at GitHub.Services.Common.VssHttpRetryMessageHandler.SendAsync(HttpRequestMessage request, CancellationToken cancellationToken)
   at System.Net.Http.HttpClient.<SendAsync>g__Core|83_0(HttpRequestMessage request, HttpCompletionOption completionOption, CancellationTokenSource cts, Boolean disposeCts, CancellationTokenSource pendingRequestsCts, CancellationToken originalCancellationToken)
   --- End of inner exception stack trace ---
   at System.Net.Http.HttpClient.HandleFailure(Exception e, Boolean telemetryStarted, HttpResponseMessage response, CancellationTokenSource cts, CancellationToken cancellationToken, CancellationTokenSource pendingRequestsCts)
   at System.Net.Http.HttpClient.<SendAsync>g__Core|83_0(HttpRequestMessage request, HttpCompletionOption completionOption, CancellationTokenSource cts, Boolean disposeCts, CancellationTokenSource pendingRequestsCts, CancellationToken originalCancellationToken)
   at Sdk.WebApi.WebApi.RawHttpClientBase.SendAsync(HttpRequestMessage message, HttpCompletionOption completionOption, Object userState, CancellationToken cancellationToken)
   at Sdk.WebApi.WebApi.RawHttpClientBase.SendAsync[T](HttpRequestMessage message, Boolean readErrorBody, Object userState, CancellationToken cancellationToken)
   at Sdk.WebApi.WebApi.RawHttpClientBase.SendAsync[T](HttpMethod method, IEnumerable`1 additionalHeaders, Uri requestUri, HttpContent content, IEnumerable`1 queryParameters, Boolean readErrorBody, Object userState, CancellationToken cancellationToken)
   at GitHub.Actions.RunService.WebApi.BrokerHttpClient.GetRunnerMessageAsync(Nullable`1 sessionId, String runnerVersion, Nullable`1 status, String os, String architecture, Nullable`1 disableUpdate, CancellationToken cancellationToken)
   at GitHub.Runner.Common.BrokerServer.<>c__DisplayClass7_0.<<GetRunnerMessageAsync>b__0>d.MoveNext()
--- End of stack trace from previous location ---
   at GitHub.Runner.Common.RunnerService.RetryRequest[T](Func`1 func, CancellationToken cancellationToken, Int32 maxRetryAttemptsCount, Func`2 shouldRetry)
[2025-06-14 14:32:25Z ERR  BrokerServer] #####################################################
[2025-06-14 14:32:25Z ERR  BrokerServer] System.Threading.Tasks.TaskCanceledException: The operation was canceled.
 ---> System.IO.IOException: Unable to read data from the transport connection: Bir iş parçacığı çıkışı veya bir uygulama isteği nedeniyle G/Ç işlemi iptal edildi..
 ---> System.Net.Sockets.SocketException (995): Bir iş parçacığı çıkışı veya bir uygulama isteği nedeniyle G/Ç işlemi iptal edildi.
   --- End of inner exception stack trace ---
   at System.Net.Sockets.Socket.AwaitableSocketAsyncEventArgs.ThrowException(SocketError error, CancellationToken cancellationToken)
   at System.Net.Sockets.Socket.AwaitableSocketAsyncEventArgs.System.Threading.Tasks.Sources.IValueTaskSource<System.Int32>.GetResult(Int16 token)
   at System.Net.Security.SslStream.EnsureFullTlsFrameAsync[TIOAdapter](CancellationToken cancellationToken, Int32 estimatedSize)
   at System.Runtime.CompilerServices.PoolingAsyncValueTaskMethodBuilder`1.StateMachineBox`1.System.Threading.Tasks.Sources.IValueTaskSource<TResult>.GetResult(Int16 token)
   at System.Net.Security.SslStream.ReadAsyncInternal[TIOAdapter](Memory`1 buffer, CancellationToken cancellationToken)
   at System.Runtime.CompilerServices.PoolingAsyncValueTaskMethodBuilder`1.StateMachineBox`1.System.Threading.Tasks.Sources.IValueTaskSource<TResult>.GetResult(Int16 token)
   at System.Net.Http.HttpConnection.SendAsync(HttpRequestMessage request, Boolean async, CancellationToken cancellationToken)
   --- End of inner exception stack trace ---
   at System.Net.Http.HttpConnection.SendAsync(HttpRequestMessage request, Boolean async, CancellationToken cancellationToken)
   at System.Net.Http.AuthenticationHelper.SendWithNtAuthAsync(HttpRequestMessage request, Uri authUri, Boolean async, ICredentials credentials, Boolean isProxyAuth, HttpConnection connection, HttpConnectionPool connectionPool, CancellationToken cancellationToken)
   at System.Net.Http.HttpConnectionPool.SendWithVersionDetectionAndRetryAsync(HttpRequestMessage request, Boolean async, Boolean doRequestAuth, CancellationToken cancellationToken)
   at System.Net.Http.AuthenticationHelper.SendWithAuthAsync(HttpRequestMessage request, Uri authUri, Boolean async, ICredentials credentials, Boolean preAuthenticate, Boolean isProxyAuth, Boolean doRequestAuth, HttpConnectionPool pool, CancellationToken cancellationToken)
   at System.Net.Http.RedirectHandler.SendAsync(HttpRequestMessage request, Boolean async, CancellationToken cancellationToken)
   at GitHub.Services.Common.RawHttpMessageHandler.SendAsync(HttpRequestMessage request, CancellationToken cancellationToken)
   at GitHub.Services.Common.VssHttpRetryMessageHandler.SendAsync(HttpRequestMessage request, CancellationToken cancellationToken)
   at System.Net.Http.HttpClient.<SendAsync>g__Core|83_0(HttpRequestMessage request, HttpCompletionOption completionOption, CancellationTokenSource cts, Boolean disposeCts, CancellationTokenSource pendingRequestsCts, CancellationToken originalCancellationToken)
[2025-06-14 14:32:25Z ERR  BrokerServer] #####################################################
[2025-06-14 14:32:25Z ERR  BrokerServer] System.IO.IOException: Unable to read data from the transport connection: Bir iş parçacığı çıkışı veya bir uygulama isteği nedeniyle G/Ç işlemi iptal edildi..
 ---> System.Net.Sockets.SocketException (995): Bir iş parçacığı çıkışı veya bir uygulama isteği nedeniyle G/Ç işlemi iptal edildi.
   --- End of inner exception stack trace ---
   at System.Net.Sockets.Socket.AwaitableSocketAsyncEventArgs.ThrowException(SocketError error, CancellationToken cancellationToken)
   at System.Net.Sockets.Socket.AwaitableSocketAsyncEventArgs.System.Threading.Tasks.Sources.IValueTaskSource<System.Int32>.GetResult(Int16 token)
   at System.Net.Security.SslStream.EnsureFullTlsFrameAsync[TIOAdapter](CancellationToken cancellationToken, Int32 estimatedSize)
   at System.Runtime.CompilerServices.PoolingAsyncValueTaskMethodBuilder`1.StateMachineBox`1.System.Threading.Tasks.Sources.IValueTaskSource<TResult>.GetResult(Int16 token)
   at System.Net.Security.SslStream.ReadAsyncInternal[TIOAdapter](Memory`1 buffer, CancellationToken cancellationToken)
   at System.Runtime.CompilerServices.PoolingAsyncValueTaskMethodBuilder`1.StateMachineBox`1.System.Threading.Tasks.Sources.IValueTaskSource<TResult>.GetResult(Int16 token)
   at System.Net.Http.HttpConnection.SendAsync(HttpRequestMessage request, Boolean async, CancellationToken cancellationToken)
[2025-06-14 14:32:25Z ERR  BrokerServer] #####################################################
[2025-06-14 14:32:25Z ERR  BrokerServer] System.Net.Sockets.SocketException (995): Bir iş parçacığı çıkışı veya bir uygulama isteği nedeniyle G/Ç işlemi iptal edildi.
[2025-06-14 14:32:25Z WARN BrokerServer] Back off 9,959 seconds before next retry. 4 attempt left.
[2025-06-14 14:32:25Z INFO BrokerMessageListener] Get messages has been cancelled using local token source. Continue to get messages with new status.
[2025-06-14 15:19:34Z INFO RSAEncryptedFileKeyManager] Loading RSA key parameters from file C:\Users\mahir\OneDrive\Documents\TITCK-KUB-KT\actions-runner\.credentials_rsaparams
[2025-06-14 15:19:35Z INFO GitHubActionsService] AAD Correlation ID for this token request: Unknown
[2025-06-14 16:09:53Z INFO RSAEncryptedFileKeyManager] Loading RSA key parameters from file C:\Users\mahir\OneDrive\Documents\TITCK-KUB-KT\actions-runner\.credentials_rsaparams
[2025-06-14 16:09:54Z INFO GitHubActionsService] AAD Correlation ID for this token request: Unknown
[2025-06-14 16:14:43Z WARN GitHubActionsService] Attempt 1 of GET request to https://broker.actions.githubusercontent.com/message?sessionId=c482b4da-5cff-4fcd-9f72-5e839da94b1c&status=Online&runnerVersion=2.325.0&os=Windows&architecture=X64&disableUpdate=false failed (Socket Error: ConnectionReset). The operation will be retried in 11,014 seconds.
[2025-06-14 16:14:58Z ERR  GitHubActionsService] GET request to https://broker.actions.githubusercontent.com/message?sessionId=c482b4da-5cff-4fcd-9f72-5e839da94b1c&status=Online&runnerVersion=2.325.0&os=Windows&architecture=X64&disableUpdate=false failed. System.Net.Http.HttpRequestException: Bilinen böyle bir ana bilgisayar yok. (broker.actions.githubusercontent.com:443)
 ---> System.Net.Sockets.SocketException (11001): Bilinen böyle bir ana bilgisayar yok.
   at System.Net.Sockets.Socket.AwaitableSocketAsyncEventArgs.ThrowException(SocketError error, CancellationToken cancellationToken)
   at System.Net.Sockets.Socket.AwaitableSocketAsyncEventArgs.System.Threading.Tasks.Sources.IValueTaskSource.GetResult(Int16 token)
   at System.Net.Sockets.Socket.<ConnectAsync>g__WaitForConnectWithCancellation|285_0(AwaitableSocketAsyncEventArgs saea, ValueTask connectTask, CancellationToken cancellationToken)
   at System.Net.Http.HttpConnectionPool.ConnectToTcpHostAsync(String host, Int32 port, HttpRequestMessage initialRequest, Boolean async, CancellationToken cancellationToken)
   --- End of inner exception stack trace ---
   at System.Net.Http.HttpConnectionPool.ConnectToTcpHostAsync(String host, Int32 port, HttpRequestMessage initialRequest, Boolean async, CancellationToken cancellationToken)
   at System.Net.Http.HttpConnectionPool.ConnectAsync(HttpRequestMessage request, Boolean async, CancellationToken cancellationToken)
   at System.Net.Http.HttpConnectionPool.CreateHttp11ConnectionAsync(HttpRequestMessage request, Boolean async, CancellationToken cancellationToken)
   at System.Net.Http.HttpConnectionPool.AddHttp11ConnectionAsync(QueueItem queueItem)
   at System.Threading.Tasks.TaskCompletionSourceWithCancellation`1.WaitWithCancellationAsync(CancellationToken cancellationToken)
   at System.Net.Http.HttpConnectionPool.SendWithVersionDetectionAndRetryAsync(HttpRequestMessage request, Boolean async, Boolean doRequestAuth, CancellationToken cancellationToken)
   at System.Net.Http.AuthenticationHelper.SendWithAuthAsync(HttpRequestMessage request, Uri authUri, Boolean async, ICredentials credentials, Boolean preAuthenticate, Boolean isProxyAuth, Boolean doRequestAuth, HttpConnectionPool pool, CancellationToken cancellationToken)
   at System.Net.Http.RedirectHandler.SendAsync(HttpRequestMessage request, Boolean async, CancellationToken cancellationToken)
   at GitHub.Services.Common.RawHttpMessageHandler.SendAsync(HttpRequestMessage request, CancellationToken cancellationToken)
   at GitHub.Services.Common.VssHttpRetryMessageHandler.SendAsync(HttpRequestMessage request, CancellationToken cancellationToken)
[2025-06-14 16:14:58Z ERR  BrokerServer] Catch exception during request
[2025-06-14 16:14:58Z ERR  BrokerServer] System.Net.Http.HttpRequestException: Bilinen böyle bir ana bilgisayar yok. (broker.actions.githubusercontent.com:443)
 ---> System.Net.Sockets.SocketException (11001): Bilinen böyle bir ana bilgisayar yok.
   at System.Net.Sockets.Socket.AwaitableSocketAsyncEventArgs.ThrowException(SocketError error, CancellationToken cancellationToken)
   at System.Net.Sockets.Socket.AwaitableSocketAsyncEventArgs.System.Threading.Tasks.Sources.IValueTaskSource.GetResult(Int16 token)
   at System.Net.Sockets.Socket.<ConnectAsync>g__WaitForConnectWithCancellation|285_0(AwaitableSocketAsyncEventArgs saea, ValueTask connectTask, CancellationToken cancellationToken)
   at System.Net.Http.HttpConnectionPool.ConnectToTcpHostAsync(String host, Int32 port, HttpRequestMessage initialRequest, Boolean async, CancellationToken cancellationToken)
   --- End of inner exception stack trace ---
   at GitHub.Services.Common.VssHttpRetryMessageHandler.SendAsync(HttpRequestMessage request, CancellationToken cancellationToken)
   at System.Net.Http.HttpClient.<SendAsync>g__Core|83_0(HttpRequestMessage request, HttpCompletionOption completionOption, CancellationTokenSource cts, Boolean disposeCts, CancellationTokenSource pendingRequestsCts, CancellationToken originalCancellationToken)
   at Sdk.WebApi.WebApi.RawHttpClientBase.SendAsync(HttpRequestMessage message, HttpCompletionOption completionOption, Object userState, CancellationToken cancellationToken)
   at Sdk.WebApi.WebApi.RawHttpClientBase.SendAsync[T](HttpRequestMessage message, Boolean readErrorBody, Object userState, CancellationToken cancellationToken)
   at Sdk.WebApi.WebApi.RawHttpClientBase.SendAsync[T](HttpMethod method, IEnumerable`1 additionalHeaders, Uri requestUri, HttpContent content, IEnumerable`1 queryParameters, Boolean readErrorBody, Object userState, CancellationToken cancellationToken)
   at GitHub.Actions.RunService.WebApi.BrokerHttpClient.GetRunnerMessageAsync(Nullable`1 sessionId, String runnerVersion, Nullable`1 status, String os, String architecture, Nullable`1 disableUpdate, CancellationToken cancellationToken)
   at GitHub.Runner.Common.BrokerServer.<>c__DisplayClass7_0.<<GetRunnerMessageAsync>b__0>d.MoveNext()
--- End of stack trace from previous location ---
   at GitHub.Runner.Common.RunnerService.RetryRequest[T](Func`1 func, CancellationToken cancellationToken, Int32 maxRetryAttemptsCount, Func`2 shouldRetry)
[2025-06-14 16:14:58Z ERR  BrokerServer] #####################################################
[2025-06-14 16:14:58Z ERR  BrokerServer] System.Net.Sockets.SocketException (11001): Bilinen böyle bir ana bilgisayar yok.
   at System.Net.Sockets.Socket.AwaitableSocketAsyncEventArgs.ThrowException(SocketError error, CancellationToken cancellationToken)
   at System.Net.Sockets.Socket.AwaitableSocketAsyncEventArgs.System.Threading.Tasks.Sources.IValueTaskSource.GetResult(Int16 token)
   at System.Net.Sockets.Socket.<ConnectAsync>g__WaitForConnectWithCancellation|285_0(AwaitableSocketAsyncEventArgs saea, ValueTask connectTask, CancellationToken cancellationToken)
   at System.Net.Http.HttpConnectionPool.ConnectToTcpHostAsync(String host, Int32 port, HttpRequestMessage initialRequest, Boolean async, CancellationToken cancellationToken)
[2025-06-14 16:14:58Z WARN BrokerServer] Back off 10,834 seconds before next retry. 4 attempt left.
[2025-06-14 16:15:21Z ERR  GitHubActionsService] GET request to https://broker.actions.githubusercontent.com/message?sessionId=c482b4da-5cff-4fcd-9f72-5e839da94b1c&status=Online&runnerVersion=2.325.0&os=Windows&architecture=X64&disableUpdate=false failed. System.Net.Http.HttpRequestException: Bilinen böyle bir ana bilgisayar yok. (broker.actions.githubusercontent.com:443)
 ---> System.Net.Sockets.SocketException (11001): Bilinen böyle bir ana bilgisayar yok.
   at System.Net.Sockets.Socket.AwaitableSocketAsyncEventArgs.ThrowException(SocketError error, CancellationToken cancellationToken)
   at System.Net.Sockets.Socket.AwaitableSocketAsyncEventArgs.System.Threading.Tasks.Sources.IValueTaskSource.GetResult(Int16 token)
   at System.Net.Sockets.Socket.<ConnectAsync>g__WaitForConnectWithCancellation|285_0(AwaitableSocketAsyncEventArgs saea, ValueTask connectTask, CancellationToken cancellationToken)
   at System.Net.Http.HttpConnectionPool.ConnectToTcpHostAsync(String host, Int32 port, HttpRequestMessage initialRequest, Boolean async, CancellationToken cancellationToken)
   --- End of inner exception stack trace ---
   at System.Net.Http.HttpConnectionPool.ConnectToTcpHostAsync(String host, Int32 port, HttpRequestMessage initialRequest, Boolean async, CancellationToken cancellationToken)
   at System.Net.Http.HttpConnectionPool.ConnectAsync(HttpRequestMessage request, Boolean async, CancellationToken cancellationToken)
   at System.Net.Http.HttpConnectionPool.CreateHttp11ConnectionAsync(HttpRequestMessage request, Boolean async, CancellationToken cancellationToken)
   at System.Net.Http.HttpConnectionPool.AddHttp11ConnectionAsync(QueueItem queueItem)
   at System.Threading.Tasks.TaskCompletionSourceWithCancellation`1.WaitWithCancellationAsync(CancellationToken cancellationToken)
   at System.Net.Http.HttpConnectionPool.SendWithVersionDetectionAndRetryAsync(HttpRequestMessage request, Boolean async, Boolean doRequestAuth, CancellationToken cancellationToken)
   at System.Net.Http.AuthenticationHelper.SendWithAuthAsync(HttpRequestMessage request, Uri authUri, Boolean async, ICredentials credentials, Boolean preAuthenticate, Boolean isProxyAuth, Boolean doRequestAuth, HttpConnectionPool pool, CancellationToken cancellationToken)
   at System.Net.Http.RedirectHandler.SendAsync(HttpRequestMessage request, Boolean async, CancellationToken cancellationToken)
   at GitHub.Services.Common.RawHttpMessageHandler.SendAsync(HttpRequestMessage request, CancellationToken cancellationToken)
   at GitHub.Services.Common.VssHttpRetryMessageHandler.SendAsync(HttpRequestMessage request, CancellationToken cancellationToken)
[2025-06-14 16:15:21Z ERR  BrokerServer] Catch exception during request
[2025-06-14 16:15:21Z ERR  BrokerServer] System.Net.Http.HttpRequestException: Bilinen böyle bir ana bilgisayar yok. (broker.actions.githubusercontent.com:443)
 ---> System.Net.Sockets.SocketException (11001): Bilinen böyle bir ana bilgisayar yok.
   at System.Net.Sockets.Socket.AwaitableSocketAsyncEventArgs.ThrowException(SocketError error, CancellationToken cancellationToken)
   at System.Net.Sockets.Socket.AwaitableSocketAsyncEventArgs.System.Threading.Tasks.Sources.IValueTaskSource.GetResult(Int16 token)
   at System.Net.Sockets.Socket.<ConnectAsync>g__WaitForConnectWithCancellation|285_0(AwaitableSocketAsyncEventArgs saea, ValueTask connectTask, CancellationToken cancellationToken)
   at System.Net.Http.HttpConnectionPool.ConnectToTcpHostAsync(String host, Int32 port, HttpRequestMessage initialRequest, Boolean async, CancellationToken cancellationToken)
   --- End of inner exception stack trace ---
   at GitHub.Services.Common.VssHttpRetryMessageHandler.SendAsync(HttpRequestMessage request, CancellationToken cancellationToken)
   at System.Net.Http.HttpClient.<SendAsync>g__Core|83_0(HttpRequestMessage request, HttpCompletionOption completionOption, CancellationTokenSource cts, Boolean disposeCts, CancellationTokenSource pendingRequestsCts, CancellationToken originalCancellationToken)
   at Sdk.WebApi.WebApi.RawHttpClientBase.SendAsync(HttpRequestMessage message, HttpCompletionOption completionOption, Object userState, CancellationToken cancellationToken)
   at Sdk.WebApi.WebApi.RawHttpClientBase.SendAsync[T](HttpRequestMessage message, Boolean readErrorBody, Object userState, CancellationToken cancellationToken)
   at Sdk.WebApi.WebApi.RawHttpClientBase.SendAsync[T](HttpMethod method, IEnumerable`1 additionalHeaders, Uri requestUri, HttpContent content, IEnumerable`1 queryParameters, Boolean readErrorBody, Object userState, CancellationToken cancellationToken)
   at GitHub.Actions.RunService.WebApi.BrokerHttpClient.GetRunnerMessageAsync(Nullable`1 sessionId, String runnerVersion, Nullable`1 status, String os, String architecture, Nullable`1 disableUpdate, CancellationToken cancellationToken)
   at GitHub.Runner.Common.BrokerServer.<>c__DisplayClass7_0.<<GetRunnerMessageAsync>b__0>d.MoveNext()
--- End of stack trace from previous location ---
   at GitHub.Runner.Common.RunnerService.RetryRequest[T](Func`1 func, CancellationToken cancellationToken, Int32 maxRetryAttemptsCount, Func`2 shouldRetry)
[2025-06-14 16:15:21Z ERR  BrokerServer] #####################################################
[2025-06-14 16:15:21Z ERR  BrokerServer] System.Net.Sockets.SocketException (11001): Bilinen böyle bir ana bilgisayar yok.
   at System.Net.Sockets.Socket.AwaitableSocketAsyncEventArgs.ThrowException(SocketError error, CancellationToken cancellationToken)
   at System.Net.Sockets.Socket.AwaitableSocketAsyncEventArgs.System.Threading.Tasks.Sources.IValueTaskSource.GetResult(Int16 token)
   at System.Net.Sockets.Socket.<ConnectAsync>g__WaitForConnectWithCancellation|285_0(AwaitableSocketAsyncEventArgs saea, ValueTask connectTask, CancellationToken cancellationToken)
   at System.Net.Http.HttpConnectionPool.ConnectToTcpHostAsync(String host, Int32 port, HttpRequestMessage initialRequest, Boolean async, CancellationToken cancellationToken)
[2025-06-14 16:15:21Z WARN BrokerServer] Back off 10,151 seconds before next retry. 3 attempt left.
[2025-06-14 17:00:08Z INFO RSAEncryptedFileKeyManager] Loading RSA key parameters from file C:\Users\mahir\OneDrive\Documents\TITCK-KUB-KT\actions-runner\.credentials_rsaparams
[2025-06-14 17:00:09Z INFO GitHubActionsService] AAD Correlation ID for this token request: Unknown
[2025-06-14 19:26:43Z WARN GitHubActionsService] Attempt 1 of GET request to https://broker.actions.githubusercontent.com/message?sessionId=c482b4da-5cff-4fcd-9f72-5e839da94b1c&status=Online&runnerVersion=2.325.0&os=Windows&architecture=X64&disableUpdate=false failed (Socket Error: ConnectionReset). The operation will be retried in 11,145 seconds.
[2025-06-14 19:26:55Z INFO RSAEncryptedFileKeyManager] Loading RSA key parameters from file C:\Users\mahir\OneDrive\Documents\TITCK-KUB-KT\actions-runner\.credentials_rsaparams
[2025-06-14 19:26:55Z INFO GitHubActionsService] AAD Correlation ID for this token request: Unknown
[2025-06-14 19:37:50Z INFO Terminal] WRITE LINE: Exiting...
[2025-06-14 19:37:50Z INFO ConfigurationStore] IsServiceConfigured()
[2025-06-14 19:37:50Z INFO ConfigurationStore] IsServiceConfigured: False
[2025-06-14 19:37:50Z INFO HostContext] Runner will be shutdown for UserCancelled
[2025-06-14 19:37:50Z WARN GitHubActionsService] GET request to https://broker.actions.githubusercontent.com/message?sessionId=c482b4da-5cff-4fcd-9f72-5e839da94b1c&status=Online&runnerVersion=2.325.0&os=Windows&architecture=X64&disableUpdate=false has been cancelled.
[2025-06-14 19:37:50Z ERR  BrokerServer] Catch exception during request
[2025-06-14 19:37:50Z ERR  BrokerServer] System.Threading.Tasks.TaskCanceledException: The operation was canceled.
 ---> System.Threading.Tasks.TaskCanceledException: The operation was canceled.
 ---> System.IO.IOException: Unable to read data from the transport connection: Bir iş parçacığı çıkışı veya bir uygulama isteği nedeniyle G/Ç işlemi iptal edildi..
 ---> System.Net.Sockets.SocketException (995): Bir iş parçacığı çıkışı veya bir uygulama isteği nedeniyle G/Ç işlemi iptal edildi.
   --- End of inner exception stack trace ---
   at System.Net.Sockets.Socket.AwaitableSocketAsyncEventArgs.System.Threading.Tasks.Sources.IValueTaskSource<System.Int32>.GetResult(Int16 token)
   at System.Net.Security.SslStream.EnsureFullTlsFrameAsync[TIOAdapter](CancellationToken cancellationToken, Int32 estimatedSize)
   at System.Runtime.CompilerServices.PoolingAsyncValueTaskMethodBuilder`1.StateMachineBox`1.System.Threading.Tasks.Sources.IValueTaskSource<TResult>.GetResult(Int16 token)
   at System.Net.Security.SslStream.ReadAsyncInternal[TIOAdapter](Memory`1 buffer, CancellationToken cancellationToken)
   at System.Runtime.CompilerServices.PoolingAsyncValueTaskMethodBuilder`1.StateMachineBox`1.System.Threading.Tasks.Sources.IValueTaskSource<TResult>.GetResult(Int16 token)
   at System.Net.Http.HttpConnection.SendAsync(HttpRequestMessage request, Boolean async, CancellationToken cancellationToken)
   --- End of inner exception stack trace ---
   at System.Net.Http.HttpConnection.SendAsync(HttpRequestMessage request, Boolean async, CancellationToken cancellationToken)
   at System.Net.Http.AuthenticationHelper.SendWithNtAuthAsync(HttpRequestMessage request, Uri authUri, Boolean async, ICredentials credentials, Boolean isProxyAuth, HttpConnection connection, HttpConnectionPool connectionPool, CancellationToken cancellationToken)
   at System.Net.Http.HttpConnectionPool.SendWithVersionDetectionAndRetryAsync(HttpRequestMessage request, Boolean async, Boolean doRequestAuth, CancellationToken cancellationToken)
   at System.Net.Http.AuthenticationHelper.SendWithAuthAsync(HttpRequestMessage request, Uri authUri, Boolean async, ICredentials credentials, Boolean preAuthenticate, Boolean isProxyAuth, Boolean doRequestAuth, HttpConnectionPool pool, CancellationToken cancellationToken)
   at System.Net.Http.RedirectHandler.SendAsync(HttpRequestMessage request, Boolean async, CancellationToken cancellationToken)
   at GitHub.Services.Common.RawHttpMessageHandler.SendAsync(HttpRequestMessage request, CancellationToken cancellationToken)
   at GitHub.Services.Common.VssHttpRetryMessageHandler.SendAsync(HttpRequestMessage request, CancellationToken cancellationToken)
   at System.Net.Http.HttpClient.<SendAsync>g__Core|83_0(HttpRequestMessage request, HttpCompletionOption completionOption, CancellationTokenSource cts, Boolean disposeCts, CancellationTokenSource pendingRequestsCts, CancellationToken originalCancellationToken)
   --- End of inner exception stack trace ---
   at System.Net.Http.HttpClient.HandleFailure(Exception e, Boolean telemetryStarted, HttpResponseMessage response, CancellationTokenSource cts, CancellationToken cancellationToken, CancellationTokenSource pendingRequestsCts)
   at System.Net.Http.HttpClient.<SendAsync>g__Core|83_0(HttpRequestMessage request, HttpCompletionOption completionOption, CancellationTokenSource cts, Boolean disposeCts, CancellationTokenSource pendingRequestsCts, CancellationToken originalCancellationToken)
   at Sdk.WebApi.WebApi.RawHttpClientBase.SendAsync(HttpRequestMessage message, HttpCompletionOption completionOption, Object userState, CancellationToken cancellationToken)
   at Sdk.WebApi.WebApi.RawHttpClientBase.SendAsync[T](HttpRequestMessage message, Boolean readErrorBody, Object userState, CancellationToken cancellationToken)
   at Sdk.WebApi.WebApi.RawHttpClientBase.SendAsync[T](HttpMethod method, IEnumerable`1 additionalHeaders, Uri requestUri, HttpContent content, IEnumerable`1 queryParameters, Boolean readErrorBody, Object userState, CancellationToken cancellationToken)
   at GitHub.Actions.RunService.WebApi.BrokerHttpClient.GetRunnerMessageAsync(Nullable`1 sessionId, String runnerVersion, Nullable`1 status, String os, String architecture, Nullable`1 disableUpdate, CancellationToken cancellationToken)
   at GitHub.Runner.Common.BrokerServer.<>c__DisplayClass7_0.<<GetRunnerMessageAsync>b__0>d.MoveNext()
--- End of stack trace from previous location ---
   at GitHub.Runner.Common.RunnerService.RetryRequest[T](Func`1 func, CancellationToken cancellationToken, Int32 maxRetryAttemptsCount, Func`2 shouldRetry)
[2025-06-14 19:37:50Z ERR  BrokerServer] #####################################################
[2025-06-14 19:37:50Z ERR  BrokerServer] System.Threading.Tasks.TaskCanceledException: The operation was canceled.
 ---> System.IO.IOException: Unable to read data from the transport connection: Bir iş parçacığı çıkışı veya bir uygulama isteği nedeniyle G/Ç işlemi iptal edildi..
 ---> System.Net.Sockets.SocketException (995): Bir iş parçacığı çıkışı veya bir uygulama isteği nedeniyle G/Ç işlemi iptal edildi.
   --- End of inner exception stack trace ---
   at System.Net.Sockets.Socket.AwaitableSocketAsyncEventArgs.System.Threading.Tasks.Sources.IValueTaskSource<System.Int32>.GetResult(Int16 token)
   at System.Net.Security.SslStream.EnsureFullTlsFrameAsync[TIOAdapter](CancellationToken cancellationToken, Int32 estimatedSize)
   at System.Runtime.CompilerServices.PoolingAsyncValueTaskMethodBuilder`1.StateMachineBox`1.System.Threading.Tasks.Sources.IValueTaskSource<TResult>.GetResult(Int16 token)
   at System.Net.Security.SslStream.ReadAsyncInternal[TIOAdapter](Memory`1 buffer, CancellationToken cancellationToken)
   at System.Runtime.CompilerServices.PoolingAsyncValueTaskMethodBuilder`1.StateMachineBox`1.System.Threading.Tasks.Sources.IValueTaskSource<TResult>.GetResult(Int16 token)
   at System.Net.Http.HttpConnection.SendAsync(HttpRequestMessage request, Boolean async, CancellationToken cancellationToken)
   --- End of inner exception stack trace ---
   at System.Net.Http.HttpConnection.SendAsync(HttpRequestMessage request, Boolean async, CancellationToken cancellationToken)
   at System.Net.Http.AuthenticationHelper.SendWithNtAuthAsync(HttpRequestMessage request, Uri authUri, Boolean async, ICredentials credentials, Boolean isProxyAuth, HttpConnection connection, HttpConnectionPool connectionPool, CancellationToken cancellationToken)
   at System.Net.Http.HttpConnectionPool.SendWithVersionDetectionAndRetryAsync(HttpRequestMessage request, Boolean async, Boolean doRequestAuth, CancellationToken cancellationToken)
   at System.Net.Http.AuthenticationHelper.SendWithAuthAsync(HttpRequestMessage request, Uri authUri, Boolean async, ICredentials credentials, Boolean preAuthenticate, Boolean isProxyAuth, Boolean doRequestAuth, HttpConnectionPool pool, CancellationToken cancellationToken)
   at System.Net.Http.RedirectHandler.SendAsync(HttpRequestMessage request, Boolean async, CancellationToken cancellationToken)
   at GitHub.Services.Common.RawHttpMessageHandler.SendAsync(HttpRequestMessage request, CancellationToken cancellationToken)
   at GitHub.Services.Common.VssHttpRetryMessageHandler.SendAsync(HttpRequestMessage request, CancellationToken cancellationToken)
   at System.Net.Http.HttpClient.<SendAsync>g__Core|83_0(HttpRequestMessage request, HttpCompletionOption completionOption, CancellationTokenSource cts, Boolean disposeCts, CancellationTokenSource pendingRequestsCts, CancellationToken originalCancellationToken)
[2025-06-14 19:37:50Z ERR  BrokerServer] #####################################################
[2025-06-14 19:37:50Z ERR  BrokerServer] System.IO.IOException: Unable to read data from the transport connection: Bir iş parçacığı çıkışı veya bir uygulama isteği nedeniyle G/Ç işlemi iptal edildi..
 ---> System.Net.Sockets.SocketException (995): Bir iş parçacığı çıkışı veya bir uygulama isteği nedeniyle G/Ç işlemi iptal edildi.
   --- End of inner exception stack trace ---
   at System.Net.Sockets.Socket.AwaitableSocketAsyncEventArgs.System.Threading.Tasks.Sources.IValueTaskSource<System.Int32>.GetResult(Int16 token)
   at System.Net.Security.SslStream.EnsureFullTlsFrameAsync[TIOAdapter](CancellationToken cancellationToken, Int32 estimatedSize)
   at System.Runtime.CompilerServices.PoolingAsyncValueTaskMethodBuilder`1.StateMachineBox`1.System.Threading.Tasks.Sources.IValueTaskSource<TResult>.GetResult(Int16 token)
   at System.Net.Security.SslStream.ReadAsyncInternal[TIOAdapter](Memory`1 buffer, CancellationToken cancellationToken)
   at System.Runtime.CompilerServices.PoolingAsyncValueTaskMethodBuilder`1.StateMachineBox`1.System.Threading.Tasks.Sources.IValueTaskSource<TResult>.GetResult(Int16 token)
   at System.Net.Http.HttpConnection.SendAsync(HttpRequestMessage request, Boolean async, CancellationToken cancellationToken)
[2025-06-14 19:37:50Z ERR  BrokerServer] #####################################################
[2025-06-14 19:37:50Z ERR  BrokerServer] System.Net.Sockets.SocketException (995): Bir iş parçacığı çıkışı veya bir uygulama isteği nedeniyle G/Ç işlemi iptal edildi.
[2025-06-14 19:37:50Z WARN BrokerServer] Back off 12,522 seconds before next retry. 4 attempt left.
[2025-06-14 19:37:50Z INFO BrokerMessageListener] Get next message has been cancelled.
[2025-06-14 19:37:50Z INFO JobDispatcher] Shutting down JobDispatcher. Make sure all WorkerDispatcher has finished.
[2025-06-14 19:37:50Z INFO JobDispatcher] Ensure WorkerDispatcher for job 1d5f3499-1b5d-56a9-bd28-8dd3f407854a run to finish, cancel any running job.
[2025-06-14 19:37:50Z INFO JobDispatcher] Job request 1d5f3499-1b5d-56a9-bd28-8dd3f407854a processed succeed.
[2025-06-14 19:37:50Z INFO Runner] Deleting Runner Session...
[2025-06-14 19:37:51Z INFO Listener] Runner execution been cancelled.
